120 [13096] INFO perfrun.launcher <> - Launcher main begin
127 [13096] INFO perfrun.launcher <> - MessageCatalogInit finished
127 [13096] INFO perfrun.launcher <> - Launcher instance created
127 [13096] INFO perfrun.launcher <> - argc = 7; cmdline = C:\Program Files (x86)\Intel\oneAPI\vtune\2024.1\bin64\amplxe-runss.exe --ui-output-format xml --ui-output-fd 1032 --option-file C:\Users\DELL\Desktop\Performance\Loop Interchange\Loop Interchange\r000ps\config\runss.options 
158 [13096] INFO perfrun.launcher <> - New signal handler callback was added
222 [13096] INFO perfrun.launcher <> - create msngr2::ICliToolContext
223 [13096] INFO perfrun.launcher <> - create file finder object
224 [13096] INFO perfrun.launcher <> - create a result directory: pattern = C:\Users\DELL\Desktop\Performance\Loop Interchange\Loop Interchange\r000ps pid = 4294967295
229 [13096] INFO perfrun.launcher <> - create data directory = C:\Users\DELL\Desktop\Performance\Loop Interchange\Loop Interchange\r000ps\data.0
231 [13096] INFO perfrun.launcher <> - Creating the master collection flag
240 [13096] INFO perfrun.launcher <> - Done creating the master collection flag
240 [11236] INFO perfrun.launcher <> - plugin [remoteplug] was disabled because it doesn't support the given collection type.
241 [11236] INFO perfrun.sdk <> - Allocating TMU :C:\Users\DELL\Desktop\Performance\Loop Interchange\Loop Interchange\r000ps\data.0\systemcollector-18124-DESKTOP-O1N35BA.sc
243 [11236] INFO perfrun.launcher <> - plugin [] was disabled because it doesn't support the given collection type.
247 [11236] INFO perfrun.launcher <> - plugin [] was disabled because it doesn't support the given collection type.
247 [11236] INFO perfrun.launcher <> - plugin [gpu] was disabled because it doesn't support the given collection type.
247 [11236] INFO perfrun.launcher <> - plugin [etw.kernel] was disabled because it doesn't support the given collection type.
247 [11236] INFO perfrun.launcher <> - plugin [etw.dx] was disabled because it doesn't support the given collection type.
247 [11236] INFO perfrun.launcher <> - plugin [etw.wsa] was disabled because it doesn't support the given collection type.
248 [11236] INFO perfrun.mrte <> - system-wide mode is 0
248 [11236] INFO perfrun.mrte <> - Getting  mrte profiling environment ...
328 [11236] INFO perfrun.mrte <> - INTEL_MRTE_DATA_DIR=C:\Users\DELL\Desktop\Performance\Loop Interchange\Loop Interchange\r000ps\data.0
328 [11236] INFO perfrun.mrte <> - INTEL_MRTE_HOST_NAME=DESKTOP-O1N35BA
328 [11236] INFO perfrun.mrte <> - JAVA_TOOL_OPTIONS=-agentlib:amplxe_tpssmrte_javaprof_1.0
328 [11236] INFO perfrun.mrte <> - PATH=C:\Program Files (x86)\Intel\oneAPI\vtune\2024.1\bin32\runtime;C:\Program Files (x86)\Intel\oneAPI\vtune\2024.1\bin64\runtime;C:\Windows\system32;C:\Windows;C:\Windows\System32\Wbem;C:\Windows\System32\WindowsPowerShell\v1.0\;C:\Windows\System32\OpenSSH\;C:\MinGW\bin;C:\Program Files\nodejs;C:\Program Files\Git\cmd;C:\Program Files\nodejs\;C:\Program Files\MongoDB\Tools\100\bin;C:\Program Files\MongoDB\Tools\100\bin;;C:\Program Files\Docker\Docker\resources\bin;C:\Program Files (x86)\CMake\bin;D:\Windows Kits\10\Windows Performance Toolkit\;C:\Users\DELL\scoop\shims;C:\Users\DELL\AppData\Local\Programs\Python\Python312\Scripts\;C:\Users\DELL\AppData\Local\Programs\Python\Python312\;C:\Users\DELL\AppData\Local\Microsoft\WindowsApps;C:\Users\DELL\AppData\Local\Programs\Microsoft VS Code\bin;C:\Users\DELL\AppData\Roaming\npm;C:\Program Files\JetBrains\PyCharm Community Edition 2023.3.4\bin;;C:\Program Files\CMake\bin;C:\Program Files (x86)\CMake\bin;C:\Users\DELL\Desktop\Soundtouch\soundtouch\bin;C:\MinGW\bin;
328 [11236] INFO perfrun.mrte <> - COR_ENABLE_PROFILING=1
328 [11236] INFO perfrun.mrte <> - COR_PROFILER={AA5E4821-E3B1-479c-B7FF-5AD047D22CED}
328 [11236] INFO perfrun.mrte <> - COMPLUS_ProfAPI_ProfilerCompatibilitySetting=EnableV2Profiler
328 [11236] INFO perfrun.mrte <> - CORECLR_ENABLE_PROFILING=1
328 [11236] INFO perfrun.mrte <> - CORECLR_PROFILER={AA5E4821-E3B1-479c-B7FF-5AD047D22CED}
328 [11236] INFO perfrun.mrte <> - CORECLR_PROFILER_PATH=C:\Program Files (x86)\Intel\oneAPI\vtune\2024.1\bin64/amplxe_samplingmrte_clrprof_1.0.dll
328 [11236] INFO perfrun.mrte <> - INTEL_MRTE_PROFILER_MODE=mixed
328 [11236] INFO perfrun.mrte <> - Data directory: C:\Users\DELL\Desktop\Performance\Loop Interchange\Loop Interchange\r000ps\data.0
328 [11236] INFO perfrun.mrte <> - Mrte plugin is initialized
329 [11236] INFO perfrun.launcher <> - plugin [emon] was disabled because it doesn't support the given collection type.
329 [11236] INFO perfrun.launcher <> - plugin [cuscol] was disabled because it doesn't support the given collection type.
329 [11236] INFO perfrun.launcher <> - plugin [stdsrc] was disabled because it doesn't support the given collection type.
329 [11236] INFO perfrun.launcher <> - plugin [sep] was disabled because it doesn't support the given collection type.
329 [11236] INFO perfrun.launcher <> - plugin [vtsspp] was disabled because it doesn't support the given collection type.
330 [11236] INFO perfrun.launcher <> - plugin [perf] was disabled because it doesn't support the given collection type.
330 [11236] INFO perfrun.launcher <> - plugin [aoclprofile] was disabled because it doesn't support the given collection type.
330 [11236] INFO perfrun.tpss <> - initialize tpss controller
330 [11236] INFO perfrun.tpss <> - configure collection mode: value = cpu:counters:nostack
331 [11236] INFO perfrun.tpss <> - configure collection mode: value = cpu:nostack
331 [11236] INFO perfrun.tpss <> - default obj-size-min=1024
331 [11236] INFO perfrun.tpss <> - default hash-table-size=0
332 [11236] INFO perfrun.launcher <> - plugin [] was disabled because it doesn't support the given collection type.
332 [11236] INFO perfrun.launcher <> - plugin [] was disabled because it doesn't support the given collection type.
332 [11236] INFO perfrun.launcher <> - plugin [] was disabled because it doesn't support the given collection type.
332 [11236] INFO perfrun.launcher <> - plugin [] was disabled because it doesn't support the given collection type.
332 [11236] INFO perfrun.launcher <> - plugin [power] was disabled because it doesn't support the given collection type.
332 [11236] INFO perfrun.launcher <> - plugin [] was disabled because it doesn't support the given collection type.
332 [11236] INFO perfrun.launcher <> - plugin [ipmwatch] was disabled because it doesn't support the given collection type.
332 [11236] INFO perfrun.launcher <> - plugin [os_counters] was disabled because it doesn't support the given collection type.
332 [11236] INFO perfrun.launcher <> - plugin [l0_metrics] was disabled because it doesn't support the given collection type.
332 [13096] INFO perfrun.launcher <> - set environment variable: PATH = C:\Program Files (x86)\Intel\oneAPI\vtune\2024.1\bin32\runtime;C:\Program Files (x86)\Intel\oneAPI\vtune\2024.1\bin64\runtime;C:\Windows\system32;C:\Windows;C:\Windows\System32\Wbem;C:\Windows\System32\WindowsPowerShell\v1.0\;C:\Windows\System32\OpenSSH\;C:\MinGW\bin;C:\Program Files\nodejs;C:\Program Files\Git\cmd;C:\Program Files\nodejs\;C:\Program Files\MongoDB\Tools\100\bin;C:\Program Files\MongoDB\Tools\100\bin;;C:\Program Files\Docker\Docker\resources\bin;C:\Program Files (x86)\CMake\bin;D:\Windows Kits\10\Windows Performance Toolkit\;C:\Users\DELL\scoop\shims;C:\Users\DELL\AppData\Local\Programs\Python\Python312\Scripts\;C:\Users\DELL\AppData\Local\Programs\Python\Python312\;C:\Users\DELL\AppData\Local\Microsoft\WindowsApps;C:\Users\DELL\AppData\Local\Programs\Microsoft VS Code\bin;C:\Users\DELL\AppData\Roaming\npm;C:\Program Files\JetBrains\PyCharm Community Edition 2023.3.4\bin;;C:\Program Files\CMake\bin;C:\Program Files (x86)\CMake\bin;C:\Users\DELL\Desktop\Soundtouch\soundtouch\bin;C:\MinGW\bin;
332 [13096] INFO perfrun.launcher <> - set environment variable: INTEL_LIBITTNOTIFY32 = C:\Program Files (x86)\Intel\oneAPI\vtune\2024.1\bin32\runtime\ittnotify_collector.dll
332 [13096] INFO perfrun.launcher <> - set environment variable: INTEL_LIBITTNOTIFY64 = C:\Program Files (x86)\Intel\oneAPI\vtune\2024.1\bin64\runtime\ittnotify_collector.dll
332 [13096] INFO perfrun.launcher <> - set environment variable: INTEL_ITTNOTIFY_GROUPS = 
332 [13096] INFO perfrun.launcher <> - set environment variable: INTEL_JIT_PROFILER32 = C:\Program Files (x86)\Intel\oneAPI\vtune\2024.1\bin32\runtime\ittnotify_collector.dll
332 [13096] INFO perfrun.launcher <> - set environment variable: INTEL_JIT_PROFILER64 = C:\Program Files (x86)\Intel\oneAPI\vtune\2024.1\bin64\runtime\ittnotify_collector.dll
332 [13096] INFO perfrun.launcher <> - set environment variable: ENABLE_JITPROFILING = 1
333 [13096] INFO perfrun.launcher <> - set environment variable: CL_CONFIG_USE_VTUNE = True
333 [13096] INFO perfrun.launcher <> - set environment variable: KMP_FORKJOIN_FRAMES = 0
333 [13096] INFO perfrun.launcher <> - set environment variable: KMP_FORKJOIN_FRAMES_MODE = 0
333 [13096] INFO perfrun.launcher <> - set environment variable: INTEL_MRTE_DATA_DIR = C:\Users\DELL\Desktop\Performance\Loop Interchange\Loop Interchange\r000ps\data.0
333 [13096] INFO perfrun.launcher <> - set environment variable: INTEL_MRTE_HOST_NAME = DESKTOP-O1N35BA
333 [13096] INFO perfrun.launcher <> - set environment variable: JAVA_TOOL_OPTIONS = -agentlib:amplxe_tpssmrte_javaprof_1.0
333 [13096] INFO perfrun.launcher <> - set environment variable: PATH = C:\Program Files (x86)\Intel\oneAPI\vtune\2024.1\bin32\runtime;C:\Program Files (x86)\Intel\oneAPI\vtune\2024.1\bin64\runtime;C:\Windows\system32;C:\Windows;C:\Windows\System32\Wbem;C:\Windows\System32\WindowsPowerShell\v1.0\;C:\Windows\System32\OpenSSH\;C:\MinGW\bin;C:\Program Files\nodejs;C:\Program Files\Git\cmd;C:\Program Files\nodejs\;C:\Program Files\MongoDB\Tools\100\bin;C:\Program Files\MongoDB\Tools\100\bin;;C:\Program Files\Docker\Docker\resources\bin;C:\Program Files (x86)\CMake\bin;D:\Windows Kits\10\Windows Performance Toolkit\;C:\Users\DELL\scoop\shims;C:\Users\DELL\AppData\Local\Programs\Python\Python312\Scripts\;C:\Users\DELL\AppData\Local\Programs\Python\Python312\;C:\Users\DELL\AppData\Local\Microsoft\WindowsApps;C:\Users\DELL\AppData\Local\Programs\Microsoft VS Code\bin;C:\Users\DELL\AppData\Roaming\npm;C:\Program Files\JetBrains\PyCharm Community Edition 2023.3.4\bin;;C:\Program Files\CMake\bin;C:\Program Files (x86)\CMake\bin;C:\Users\DELL\Desktop\Soundtouch\soundtouch\bin;C:\MinGW\bin;
333 [13096] INFO perfrun.launcher <> - set environment variable: COR_ENABLE_PROFILING = 1
333 [13096] INFO perfrun.launcher <> - set environment variable: COR_PROFILER = {AA5E4821-E3B1-479c-B7FF-5AD047D22CED}
333 [13096] INFO perfrun.launcher <> - set environment variable: COMPLUS_ProfAPI_ProfilerCompatibilitySetting = EnableV2Profiler
333 [13096] INFO perfrun.launcher <> - set environment variable: CORECLR_ENABLE_PROFILING = 1
333 [13096] INFO perfrun.launcher <> - set environment variable: CORECLR_PROFILER = {AA5E4821-E3B1-479c-B7FF-5AD047D22CED}
333 [13096] INFO perfrun.launcher <> - set environment variable: CORECLR_PROFILER_PATH = C:\Program Files (x86)\Intel\oneAPI\vtune\2024.1\bin64/amplxe_samplingmrte_clrprof_1.0.dll
333 [13096] INFO perfrun.launcher <> - set environment variable: INTEL_MRTE_PROFILER_MODE = mixed
334 [13096] INFO perfrun.launcher <> - RpcServer: run RPC server to handle requests
343 [13096] INFO perfrun.sdk <> - IProcessUtil: the given executable 'C:\Users\DELL\Desktop\Performance\Loop Interchange\Optimized_Matrix_mul.exe' is valid.
344 [13096] INFO perfrun.launcher <> - Launcher: command line to start before modification = C:\Users\DELL\Desktop\Performance\Loop Interchange\Optimized_Matrix_mul.exe
350 [13096] INFO perfrun.launcher <> - Launcher: command line to start after modification = C:\Program Files (x86)\Intel\oneAPI\vtune\2024.1\bin64\pin.exe -error_file C:\Users\DELL\Desktop\Performance\Loop Interchange\Loop Interchange\r000ps\data.0\pinerr.tpsslog -detach_reattach -probe -follow_execv -p32 C:\Program Files (x86)\Intel\oneAPI\vtune\2024.1\bin32\pin.exe -p64 C:\Program Files (x86)\Intel\oneAPI\vtune\2024.1\bin64\pin.exe -t64 C:\Program Files (x86)\Intel\oneAPI\vtune\2024.1\bin64\tpsstool.dll -t C:\Program Files (x86)\Intel\oneAPI\vtune\2024.1\bin32\tpsstool.dll -server_name tpss_ipc.18124 -prd_dir C:\Program Files (x86)\Intel\oneAPI\vtune\2024.1 -- C:\Users\DELL\Desktop\Performance\Loop Interchange\Optimized_Matrix_mul.exe
350 [13096] INFO perfrun.launcher <> - ProcessCreator object was created
356 [13096] INFO perfrun.launcher <> - Launcher: the process was started in suspend mode
359 [11236] INFO perfrun.itt <> - start itt controller for pid #1740
359 [11236] INFO perfrun.tpss <> - start tpss controller for pid #1740
418 [13096] INFO perfrun.launcher <> - Launcher: all plugins were started
418 [13096] INFO perfrun.launcher <> - DirectoryMonitor object was created
420 [13096] INFO perfrun.launcher <> - DirectoryMonitor: a callback was added
420 [13096] INFO perfrun.launcher <> - DirectoryMonitor was started with pingTime = 1000
420 [13096] INFO perfrun.launcher <> - DeadlineTimer is going to be constructed
421 [13096] INFO perfrun.launcher <> - DeadlineTimer: a callback was added
430 [13096] INFO perfrun.launcher <> - Launcher: resume the profiled application and  wait its termination or stop command
917 [13096] INFO perfrun.launcher <> - Launcher: the profiled application was terminated  with exit code = 0
936 [11236] INFO perfrun.itt <> - detach itt controller
936 [11236] INFO perfrun.itt <> - detach itt controller done
936 [11236] INFO perfrun.tpss <> - stop tpss controller
939 [11236] INFO perfrun.sdk <> - De-allocating TMU: C:\Users\DELL\Desktop\Performance\Loop Interchange\Loop Interchange\r000ps\data.0\systemcollector-18124-DESKTOP-O1N35BA.sc
960 [11236] INFO perfrun.system <> - closed the system trace file: C:\Users\DELL\Desktop\Performance\Loop Interchange\Loop Interchange\r000ps\data.0\systemcollector-18124-DESKTOP-O1N35BA.sc
961 [13096] INFO perfrun.launcher <> - Launcher: all plugins were stopped.
961 [13096] INFO perfrun.launcher <> - DeadlineTimer is going to be destroyed
961 [13096] INFO perfrun.launcher <> - DeadlineTimer was destroyed
961 [13096] INFO perfrun.launcher <> - DirectoryMonitor object was destroyed
961 [13096] WARN perfrun.launcher <> - Stop command is ignored because it is received when collection is already stopped, at file: vcs\perfrun1\launcher\src\command_handler.cpp:226
962 [13096] INFO perfrun.launcher <> - Application exit code: 0
962 [13096] INFO perfrun.launcher <> - Exit code: 0
